<?xml version="1.0" encoding="utf-8"?><testsuites><testsuite name="pytest" errors="0" failures="0" skipped="0" tests="7" time="0.086" timestamp="2024-09-17T12:28:27.502295" hostname="PHNA019PFL"><testcase classname="tests.test_extractor" name="test_extract_merchandise_value_in_usd[5-dollar apple-5]" time="0.003" /><testcase classname="tests.test_extractor" name="test_extract_merchandise_value_in_usd[55-dollar apple-55]" time="0.001" /><testcase classname="tests.test_extractor" name="test_extract_merchandise_value_in_usd[banana-None]" time="0.001" /><testcase classname="tests.test_extractor" name="test_extract_merchandise_value_in_usd[$55 apple-55]" time="0.001" /><testcase classname="tests.test_extractor" name="test_extract_merchandise_value_in_usd[-None]" time="0.001" /><testcase classname="tests.test_extractor" name="test_extract_merchandise_value_in_usd[None-None]" time="0.001" /><testcase classname="tests.test_extractor" name="test_extract_merchandise_value_in_usd[5.45-dollar mango -5.45]" time="0.001" /></testsuite></testsuites>